AH00558: apache2: Could not reliably determine the server's fully qualified domain name, using 172.23.0.3. Set the 'ServerName' directive globally to suppress this message
[Tue Nov 26 15:42:42.502488 2024] [mpm_prefork:notice] [pid 1] AH00163: Apache/2.4.57 (Debian) PHP/8.2.16 configured -- resuming normal operations
[Tue Nov 26 15:42:42.503081 2024] [core:notice] [pid 1] AH00094: Command line: 'apache2 -D FOREGROUND'
[Tue Nov 26 15:42:58.727062 2024] [mpm_prefork:notice] [pid 1] AH00170: caught SIGWINCH, shutting down gracefully
AH00558: apache2: Could not reliably determine the server's fully qualified domain name, using 172.24.0.2. Set the 'ServerName' directive globally to suppress this message
[Tue Nov 26 15:43:40.546602 2024] [mpm_prefork:notice] [pid 1] AH00163: Apache/2.4.57 (Debian) PHP/8.2.16 configured -- resuming normal operations
[Tue Nov 26 15:43:40.547166 2024] [core:notice] [pid 1] AH00094: Command line: 'apache2 -D FOREGROUND'
[Tue Nov 26 15:45:25.572818 2024] [mpm_prefork:notice] [pid 1] AH00170: caught SIGWINCH, shutting down gracefully
AH00558: apache2: Could not reliably determine the server's fully qualified domain name, using 172.25.0.2. Set the 'ServerName' directive globally to suppress this message
[Tue Nov 26 15:49:36.885006 2024] [mpm_prefork:notice] [pid 1] AH00163: Apache/2.4.57 (Debian) PHP/8.2.16 configured -- resuming normal operations
[Tue Nov 26 15:49:36.885490 2024] [core:notice] [pid 1] AH00094: Command line: 'apache2 -D FOREGROUND'
AH00558: apache2: Could not reliably determine the server's fully qualified domain name, using 172.25.0.3. Set the 'ServerName' directive globally to suppress this message
[Tue Nov 26 15:51:12.994678 2024] [mpm_prefork:notice] [pid 1] AH00163: Apache/2.4.57 (Debian) PHP/8.2.16 configured -- resuming normal operations
[Tue Nov 26 15:51:12.996238 2024] [core:notice] [pid 1] AH00094: Command line: 'apache2 -D FOREGROUND'
[Tue Nov 26 15:51:17.521528 2024] [mpm_prefork:notice] [pid 1] AH00170: caught SIGWINCH, shutting down gracefully
AH00558: apache2: Could not reliably determine the server's fully qualified domain name, using 172.22.0.2. Set the 'ServerName' directive globally to suppress this message
[Tue Nov 26 15:51:28.917250 2024] [mpm_prefork:notice] [pid 1] AH00163: Apache/2.4.57 (Debian) PHP/8.2.16 configured -- resuming normal operations
[Tue Nov 26 15:51:28.917767 2024] [core:notice] [pid 1] AH00094: Command line: 'apache2 -D FOREGROUND'
[Tue Nov 26 15:51:47.843518 2024] [mpm_prefork:notice] [pid 1] AH00170: caught SIGWINCH, shutting down gracefully
AH00558: apache2: Could not reliably determine the server's fully qualified domain name, using 172.23.0.4. Set the 'ServerName' directive globally to suppress this message
[Tue Nov 26 15:52:31.643289 2024] [mpm_prefork:notice] [pid 1] AH00163: Apache/2.4.57 (Debian) PHP/8.2.16 configured -- resuming normal operations
[Tue Nov 26 15:52:31.643823 2024] [core:notice] [pid 1] AH00094: Command line: 'apache2 -D FOREGROUND'
[Tue Nov 26 15:58:00.064617 2024] [mpm_prefork:notice] [pid 1] AH00170: caught SIGWINCH, shutting down gracefully
AH00558: apache2: Could not reliably determine the server's fully qualified domain name, using 172.24.0.4. Set the 'ServerName' directive globally to suppress this message
[Tue Nov 26 15:58:06.285892 2024] [mpm_prefork:notice] [pid 1] AH00163: Apache/2.4.57 (Debian) PHP/8.2.16 configured -- resuming normal operations
[Tue Nov 26 15:58:06.286604 2024] [core:notice] [pid 1] AH00094: Command line: 'apache2 -D FOREGROUND'
[Tue Nov 26 15:58:53.657889 2024] [mpm_prefork:notice] [pid 1] AH00170: caught SIGWINCH, shutting down gracefully
AH00558: apache2: Could not reliably determine the server's fully qualified domain name, using 172.24.0.4. Set the 'ServerName' directive globally to suppress this message
[Tue Nov 26 15:58:55.066393 2024] [mpm_prefork:notice] [pid 1] AH00163: Apache/2.4.57 (Debian) PHP/8.2.16 configured -- resuming normal operations
[Tue Nov 26 15:58:55.068168 2024] [core:notice] [pid 1] AH00094: Command line: 'apache2 -D FOREGROUND'
[Tue Nov 26 16:01:33.498851 2024] [mpm_prefork:notice] [pid 1] AH00170: caught SIGWINCH, shutting down gracefully
AH00558: apache2: Could not reliably determine the server's fully qualified domain name, using 172.24.0.4. Set the 'ServerName' directive globally to suppress this message
[Tue Nov 26 16:01:34.919429 2024] [mpm_prefork:notice] [pid 1] AH00163: Apache/2.4.57 (Debian) PHP/8.2.16 configured -- resuming normal operations
[Tue Nov 26 16:01:34.920267 2024] [core:notice] [pid 1] AH00094: Command line: 'apache2 -D FOREGROUND'
[Tue Nov 26 16:02:02.805492 2024] [mpm_prefork:notice] [pid 1] AH00170: caught SIGWINCH, shutting down gracefully
AH00558: apache2: Could not reliably determine the server's fully qualified domain name, using 172.25.0.4. Set the 'ServerName' directive globally to suppress this message
[Tue Nov 26 16:02:14.870143 2024] [mpm_prefork:notice] [pid 1] AH00163: Apache/2.4.57 (Debian) PHP/8.2.16 configured -- resuming normal operations
[Tue Nov 26 16:02:14.870655 2024] [core:notice] [pid 1] AH00094: Command line: 'apache2 -D FOREGROUND'
[Tue Nov 26 16:03:40.628982 2024] [mpm_prefork:notice] [pid 1] AH00170: caught SIGWINCH, shutting down gracefully
AH00558: apache2: Could not reliably determine the server's fully qualified domain name, using 172.25.0.4. Set the 'ServerName' directive globally to suppress this message
[Tue Nov 26 16:03:49.058226 2024] [mpm_prefork:notice] [pid 1] AH00163: Apache/2.4.57 (Debian) PHP/8.2.16 configured -- resuming normal operations
[Tue Nov 26 16:03:49.059812 2024] [core:notice] [pid 1] AH00094: Command line: 'apache2 -D FOREGROUND'
[Tue Nov 26 16:04:16.985995 2024] [mpm_prefork:notice] [pid 1] AH00170: caught SIGWINCH, shutting down gracefully
AH00558: apache2: Could not reliably determine the server's fully qualified domain name, using 172.25.0.4. Set the 'ServerName' directive globally to suppress this message
[Tue Nov 26 16:04:18.394939 2024] [mpm_prefork:notice] [pid 1] AH00163: Apache/2.4.57 (Debian) PHP/8.2.16 configured -- resuming normal operations
[Tue Nov 26 16:04:18.396086 2024] [core:notice] [pid 1] AH00094: Command line: 'apache2 -D FOREGROUND'
[Tue Nov 26 16:04:26.774784 2024] [mpm_prefork:notice] [pid 1] AH00170: caught SIGWINCH, shutting down gracefully
AH00558: apache2: Could not reliably determine the server's fully qualified domain name, using 172.25.0.4. Set the 'ServerName' directive globally to suppress this message
[Tue Nov 26 16:04:28.167581 2024] [mpm_prefork:notice] [pid 1] AH00163: Apache/2.4.57 (Debian) PHP/8.2.16 configured -- resuming normal operations
[Tue Nov 26 16:04:28.168348 2024] [core:notice] [pid 1] AH00094: Command line: 'apache2 -D FOREGROUND'
[26-Nov-2024 16:13:42 UTC] PHP Warning:  Cannot modify header information - headers already sent by (output started at /var/www/html/wp-content/plugins/car-wash-booking/car-wash-booking.php:40) in /var/www/html/wp-admin/admin-ajax.php on line 27
[26-Nov-2024 16:13:42 UTC] PHP Warning:  Cannot modify header information - headers already sent by (output started at /var/www/html/wp-content/plugins/car-wash-booking/car-wash-booking.php:40) in /var/www/html/wp-admin/admin-ajax.php on line 28
[26-Nov-2024 16:13:42 UTC] PHP Warning:  Cannot modify header information - headers already sent by (output started at /var/www/html/wp-content/plugins/car-wash-booking/car-wash-booking.php:40) in /var/www/html/wp-includes/functions.php on line 6936
[26-Nov-2024 16:13:42 UTC] PHP Warning:  Cannot modify header information - headers already sent by (output started at /var/www/html/wp-content/plugins/car-wash-booking/car-wash-booking.php:40) in /var/www/html/wp-admin/includes/misc.php on line 1431
[26-Nov-2024 16:13:42 UTC] PHP Warning:  Cannot modify header information - headers already sent by (output started at /var/www/html/wp-content/plugins/car-wash-booking/car-wash-booking.php:40) in /var/www/html/wp-includes/functions.php on line 7049
[Tue Nov 26 16:13:49.227433 2024] [mpm_prefork:notice] [pid 1] AH00170: caught SIGWINCH, shutting down gracefully
AH00558: apache2: Could not reliably determine the server's fully qualified domain name, using 172.25.0.4. Set the 'ServerName' directive globally to suppress this message
[Tue Nov 26 16:13:52.651720 2024] [mpm_prefork:notice] [pid 1] AH00163: Apache/2.4.57 (Debian) PHP/8.2.16 configured -- resuming normal operations
[Tue Nov 26 16:13:52.653120 2024] [core:notice] [pid 1] AH00094: Command line: 'apache2 -D FOREGROUND'
[Tue Nov 26 16:14:41.134214 2024] [mpm_prefork:notice] [pid 1] AH00170: caught SIGWINCH, shutting down gracefully
AH00558: apache2: Could not reliably determine the server's fully qualified domain name, using 172.25.0.4. Set the 'ServerName' directive globally to suppress this message
[Tue Nov 26 16:14:42.533319 2024] [mpm_prefork:notice] [pid 1] AH00163: Apache/2.4.57 (Debian) PHP/8.2.16 configured -- resuming normal operations
[Tue Nov 26 16:14:42.535273 2024] [core:notice] [pid 1] AH00094: Command line: 'apache2 -D FOREGROUND'
[26-Nov-2024 16:14:49 UTC] PHP Warning:  Cannot modify header information - headers already sent by (output started at /var/www/html/wp-content/plugins/car-wash-booking/car-wash-booking.php:40) in /var/www/html/wp-admin/admin-ajax.php on line 27
[26-Nov-2024 16:14:49 UTC] PHP Warning:  Cannot modify header information - headers already sent by (output started at /var/www/html/wp-content/plugins/car-wash-booking/car-wash-booking.php:40) in /var/www/html/wp-admin/admin-ajax.php on line 28
[26-Nov-2024 16:14:49 UTC] PHP Warning:  Cannot modify header information - headers already sent by (output started at /var/www/html/wp-content/plugins/car-wash-booking/car-wash-booking.php:40) in /var/www/html/wp-includes/functions.php on line 6936
[26-Nov-2024 16:14:49 UTC] PHP Warning:  Cannot modify header information - headers already sent by (output started at /var/www/html/wp-content/plugins/car-wash-booking/car-wash-booking.php:40) in /var/www/html/wp-admin/includes/misc.php on line 1431
[26-Nov-2024 16:14:49 UTC] PHP Warning:  Cannot modify header information - headers already sent by (output started at /var/www/html/wp-content/plugins/car-wash-booking/car-wash-booking.php:40) in /var/www/html/wp-includes/functions.php on line 7049
[26-Nov-2024 16:14:50 UTC] PHP Warning:  Cannot modify header information - headers already sent by (output started at /var/www/html/wp-content/plugins/car-wash-booking/car-wash-booking.php:40) in /var/www/html/wp-admin/includes/misc.php on line 1431
[26-Nov-2024 16:14:50 UTC] PHP Warning:  Cannot modify header information - headers already sent by (output started at /var/www/html/wp-content/plugins/car-wash-booking/car-wash-booking.php:40) in /var/www/html/wp-includes/functions.php on line 7049
[26-Nov-2024 16:14:50 UTC] PHP Warning:  Cannot modify header information - headers already sent by (output started at /var/www/html/wp-content/plugins/car-wash-booking/car-wash-booking.php:40) in /var/www/html/wp-admin/admin-header.php on line 9
[26-Nov-2024 16:14:50 UTC] PHP Warning:  Cannot modify header information - headers already sent by (output started at /var/www/html/wp-content/plugins/car-wash-booking/car-wash-booking.php:40) in /var/www/html/wp-includes/option.php on line 1478
[26-Nov-2024 16:14:50 UTC] PHP Warning:  Cannot modify header information - headers already sent by (output started at /var/www/html/wp-content/plugins/car-wash-booking/car-wash-booking.php:40) in /var/www/html/wp-includes/option.php on line 1479
[26-Nov-2024 16:14:50 UTC] PHP Warning:  Cannot modify header information - headers already sent by (output started at /var/www/html/wp-content/plugins/car-wash-booking/car-wash-booking.php:40) in /var/www/html/wp-admin/admin-ajax.php on line 27
[26-Nov-2024 16:14:50 UTC] PHP Warning:  Cannot modify header information - headers already sent by (output started at /var/www/html/wp-content/plugins/car-wash-booking/car-wash-booking.php:40) in /var/www/html/wp-admin/admin-ajax.php on line 28
[26-Nov-2024 16:14:50 UTC] PHP Warning:  Cannot modify header information - headers already sent by (output started at /var/www/html/wp-content/plugins/car-wash-booking/car-wash-booking.php:40) in /var/www/html/wp-includes/functions.php on line 6936
[26-Nov-2024 16:14:50 UTC] PHP Warning:  Cannot modify header information - headers already sent by (output started at /var/www/html/wp-content/plugins/car-wash-booking/car-wash-booking.php:40) in /var/www/html/wp-admin/includes/misc.php on line 1431
[26-Nov-2024 16:14:50 UTC] PHP Warning:  Cannot modify header information - headers already sent by (output started at /var/www/html/wp-content/plugins/car-wash-booking/car-wash-booking.php:40) in /var/www/html/wp-includes/functions.php on line 7049
[26-Nov-2024 16:15:04 UTC] PHP Warning:  Cannot modify header information - headers already sent by (output started at /var/www/html/wp-content/plugins/car-wash-booking/car-wash-booking.php:40) in /var/www/html/wp-admin/includes/misc.php on line 1431
[26-Nov-2024 16:15:04 UTC] PHP Warning:  Cannot modify header information - headers already sent by (output started at /var/www/html/wp-content/plugins/car-wash-booking/car-wash-booking.php:40) in /var/www/html/wp-includes/functions.php on line 7049
[26-Nov-2024 16:15:04 UTC] PHP Warning:  Cannot modify header information - headers already sent by (output started at /var/www/html/wp-content/plugins/car-wash-booking/car-wash-booking.php:40) in /var/www/html/wp-admin/admin-header.php on line 9
[26-Nov-2024 16:15:04 UTC] PHP Warning:  Cannot modify header information - headers already sent by (output started at /var/www/html/wp-content/plugins/car-wash-booking/car-wash-booking.php:40) in /var/www/html/wp-includes/option.php on line 1478
[26-Nov-2024 16:15:04 UTC] PHP Warning:  Cannot modify header information - headers already sent by (output started at /var/www/html/wp-content/plugins/car-wash-booking/car-wash-booking.php:40) in /var/www/html/wp-includes/option.php on line 1479
[26-Nov-2024 16:15:04 UTC] PHP Warning:  Cannot modify header information - headers already sent by (output started at /var/www/html/wp-content/plugins/car-wash-booking/car-wash-booking.php:40) in /var/www/html/wp-includes/rest-api/class-wp-rest-server.php on line 1794
[26-Nov-2024 16:15:04 UTC] PHP Warning:  Cannot modify header information - headers already sent by (output started at /var/www/html/wp-content/plugins/car-wash-booking/car-wash-booking.php:40) in /var/www/html/wp-includes/rest-api/class-wp-rest-server.php on line 1818
[26-Nov-2024 16:15:04 UTC] PHP Warning:  Cannot modify header information - headers already sent by (output started at /var/www/html/wp-content/plugins/car-wash-booking/car-wash-booking.php:40) in /var/www/html/wp-includes/rest-api/class-wp-rest-server.php on line 1794
[26-Nov-2024 16:15:04 UTC] PHP Warning:  Cannot modify header information - headers already sent by (output started at /var/www/html/wp-content/plugins/car-wash-booking/car-wash-booking.php:40) in /var/www/html/wp-includes/rest-api/class-wp-rest-server.php on line 1794
[26-Nov-2024 16:15:04 UTC] PHP Warning:  Cannot modify header information - headers already sent by (output started at /var/www/html/wp-content/plugins/car-wash-booking/car-wash-booking.php:40) in /var/www/html/wp-includes/rest-api/class-wp-rest-server.php on line 1794
[26-Nov-2024 16:15:04 UTC] PHP Warning:  Cannot modify header information - headers already sent by (output started at /var/www/html/wp-content/plugins/car-wash-booking/car-wash-booking.php:40) in /var/www/html/wp-includes/rest-api/class-wp-rest-server.php on line 1794
[26-Nov-2024 16:15:04 UTC] PHP Warning:  Cannot modify header information - headers already sent by (output started at /var/www/html/wp-content/plugins/car-wash-booking/car-wash-booking.php:40) in /var/www/html/wp-includes/rest-api/class-wp-rest-server.php on line 1818
[26-Nov-2024 16:15:04 UTC] PHP Warning:  Cannot modify header information - headers already sent by (output started at /var/www/html/wp-content/plugins/car-wash-booking/car-wash-booking.php:40) in /var/www/html/wp-includes/rest-api/class-wp-rest-server.php on line 1794
[26-Nov-2024 16:15:04 UTC] PHP Warning:  Cannot modify header information - headers already sent by (output started at /var/www/html/wp-content/plugins/car-wash-booking/car-wash-booking.php:40) in /var/www/html/wp-includes/rest-api/class-wp-rest-server.php on line 1818
[26-Nov-2024 16:15:04 UTC] PHP Warning:  Cannot modify header information - headers already sent by (output started at /var/www/html/wp-content/plugins/car-wash-booking/car-wash-booking.php:40) in /var/www/html/wp-includes/rest-api/class-wp-rest-server.php on line 1818
[26-Nov-2024 16:15:04 UTC] PHP Warning:  Cannot modify header information - headers already sent by (output started at /var/www/html/wp-content/plugins/car-wash-booking/car-wash-booking.php:40) in /var/www/html/wp-includes/rest-api/class-wp-rest-server.php on line 1794
[26-Nov-2024 16:15:04 UTC] PHP Warning:  Cannot modify header information - headers already sent by (output started at /var/www/html/wp-content/plugins/car-wash-booking/car-wash-booking.php:40) in /var/www/html/wp-includes/rest-api/class-wp-rest-server.php on line 1818
[26-Nov-2024 16:15:05 UTC] PHP Warning:  Cannot modify header information - headers already sent by (output started at /var/www/html/wp-content/plugins/car-wash-booking/car-wash-booking.php:40) in /var/www/html/wp-includes/rest-api/class-wp-rest-server.php on line 1818
[26-Nov-2024 16:15:05 UTC] PHP Warning:  Cannot modify header information - headers already sent by (output started at /var/www/html/wp-content/plugins/car-wash-booking/car-wash-booking.php:40) in /var/www/html/wp-includes/rest-api/class-wp-rest-server.php on line 1794
[26-Nov-2024 16:15:05 UTC] PHP Warning:  Cannot modify header information - headers already sent by (output started at /var/www/html/wp-content/plugins/car-wash-booking/car-wash-booking.php:40) in /var/www/html/wp-includes/rest-api/class-wp-rest-server.php on line 1818
[26-Nov-2024 16:15:05 UTC] PHP Warning:  Cannot modify header information - headers already sent by (output started at /var/www/html/wp-content/plugins/car-wash-booking/car-wash-booking.php:40) in /var/www/html/wp-includes/rest-api/class-wp-rest-server.php on line 1794
[26-Nov-2024 16:15:05 UTC] PHP Warning:  Cannot modify header information - headers already sent by (output started at /var/www/html/wp-content/plugins/car-wash-booking/car-wash-booking.php:40) in /var/www/html/wp-includes/rest-api/class-wp-rest-server.php on line 1794
[26-Nov-2024 16:15:05 UTC] PHP Warning:  Cannot modify header information - headers already sent by (output started at /var/www/html/wp-content/plugins/car-wash-booking/car-wash-booking.php:40) in /var/www/html/wp-includes/rest-api/class-wp-rest-server.php on line 1818
[26-Nov-2024 16:15:05 UTC] PHP Warning:  Cannot modify header information - headers already sent by (output started at /var/www/html/wp-content/plugins/car-wash-booking/car-wash-booking.php:40) in /var/www/html/wp-includes/rest-api/class-wp-rest-server.php on line 1818
[26-Nov-2024 16:15:05 UTC] PHP Warning:  Cannot modify header information - headers already sent by (output started at /var/www/html/wp-content/plugins/car-wash-booking/car-wash-booking.php:40) in /var/www/html/wp-includes/rest-api.php on line 749
[26-Nov-2024 16:15:05 UTC] PHP Warning:  Cannot modify header information - headers already sent by (output started at /var/www/html/wp-content/plugins/car-wash-booking/car-wash-booking.php:40) in /var/www/html/wp-includes/rest-api/class-wp-rest-server.php on line 1794
[26-Nov-2024 16:15:05 UTC] PHP Warning:  Cannot modify header information - headers already sent by (output started at /var/www/html/wp-content/plugins/car-wash-booking/car-wash-booking.php:40) in /var/www/html/wp-includes/rest-api.php on line 750
[26-Nov-2024 16:15:05 UTC] PHP Warning:  Cannot modify header information - headers already sent by (output started at /var/www/html/wp-content/plugins/car-wash-booking/car-wash-booking.php:40) in /var/www/html/wp-includes/rest-api.php on line 751
[26-Nov-2024 16:15:05 UTC] PHP Warning:  Cannot modify header information - headers already sent by (output started at /var/www/html/wp-content/plugins/car-wash-booking/car-wash-booking.php:40) in /var/www/html/wp-includes/rest-api.php on line 752
[26-Nov-2024 16:15:05 UTC] PHP Warning:  Cannot modify header information - headers already sent by (output started at /var/www/html/wp-content/plugins/car-wash-booking/car-wash-booking.php:40) in /var/www/html/wp-includes/rest-api/class-wp-rest-server.php on line 1818
[26-Nov-2024 16:15:05 UTC] PHP Warning:  Cannot modify header information - headers already sent by (output started at /var/www/html/wp-content/plugins/car-wash-booking/car-wash-booking.php:40) in /var/www/html/wp-includes/rest-api.php on line 749
[26-Nov-2024 16:15:05 UTC] PHP Warning:  Cannot modify header information - headers already sent by (output started at /var/www/html/wp-content/plugins/car-wash-booking/car-wash-booking.php:40) in /var/www/html/wp-includes/rest-api.php on line 750
[26-Nov-2024 16:15:05 UTC] PHP Warning:  Cannot modify header information - headers already sent by (output started at /var/www/html/wp-content/plugins/car-wash-booking/car-wash-booking.php:40) in /var/www/html/wp-includes/rest-api.php on line 751
[26-Nov-2024 16:15:05 UTC] PHP Warning:  Cannot modify header information - headers already sent by (output started at /var/www/html/wp-content/plugins/car-wash-booking/car-wash-booking.php:40) in /var/www/html/wp-includes/rest-api.php on line 752
[26-Nov-2024 16:15:05 UTC] PHP Warning:  Cannot modify header information - headers already sent by (output started at /var/www/html/wp-content/plugins/car-wash-booking/car-wash-booking.php:40) in /var/www/html/wp-includes/rest-api/class-wp-rest-server.php on line 1794
[26-Nov-2024 16:15:05 UTC] PHP Warning:  Cannot modify header information - headers already sent by (output started at /var/www/html/wp-content/plugins/car-wash-booking/car-wash-booking.php:40) in /var/www/html/wp-includes/rest-api/class-wp-rest-server.php on line 1818
[26-Nov-2024 16:15:06 UTC] PHP Warning:  Cannot modify header information - headers already sent by (output started at /var/www/html/wp-content/plugins/car-wash-booking/car-wash-booking.php:40) in /var/www/html/wp-includes/rest-api/class-wp-rest-server.php on line 1818
[26-Nov-2024 16:15:08 UTC] PHP Warning:  Cannot modify header information - headers already sent by (output started at /var/www/html/wp-content/plugins/car-wash-booking/car-wash-booking.php:40) in /var/www/html/wp-includes/rest-api/class-wp-rest-server.php on line 1794
[26-Nov-2024 16:15:08 UTC] PHP Warning:  Cannot modify header information - headers already sent by (output started at /var/www/html/wp-content/plugins/car-wash-booking/car-wash-booking.php:40) in /var/www/html/wp-includes/rest-api/class-wp-rest-server.php on line 1818
[26-Nov-2024 16:15:08 UTC] PHP Warning:  Cannot modify header information - headers already sent by (output started at /var/www/html/wp-content/plugins/car-wash-booking/car-wash-booking.php:40) in /var/www/html/wp-includes/rest-api.php on line 749
[26-Nov-2024 16:15:08 UTC] PHP Warning:  Cannot modify header information - headers already sent by (output started at /var/www/html/wp-content/plugins/car-wash-booking/car-wash-booking.php:40) in /var/www/html/wp-includes/rest-api.php on line 750
[26-Nov-2024 16:15:08 UTC] PHP Warning:  Cannot modify header information - headers already sent by (output started at /var/www/html/wp-content/plugins/car-wash-booking/car-wash-booking.php:40) in /var/www/html/wp-includes/rest-api.php on line 751
[26-Nov-2024 16:15:08 UTC] PHP Warning:  Cannot modify header information - headers already sent by (output started at /var/www/html/wp-content/plugins/car-wash-booking/car-wash-booking.php:40) in /var/www/html/wp-includes/rest-api.php on line 752
[26-Nov-2024 16:15:13 UTC] PHP Warning:  Cannot modify header information - headers already sent by (output started at /var/www/html/wp-content/plugins/car-wash-booking/car-wash-booking.php:40) in /var/www/html/wp-includes/rest-api/class-wp-rest-server.php on line 1794
[26-Nov-2024 16:15:13 UTC] PHP Warning:  Cannot modify header information - headers already sent by (output started at /var/www/html/wp-content/plugins/car-wash-booking/car-wash-booking.php:40) in /var/www/html/wp-includes/rest-api/class-wp-rest-server.php on line 1818
[26-Nov-2024 16:15:13 UTC] PHP Warning:  Cannot modify header information - headers already sent by (output started at /var/www/html/wp-content/plugins/car-wash-booking/car-wash-booking.php:40) in /var/www/html/wp-includes/rest-api/class-wp-rest-server.php on line 1794
[26-Nov-2024 16:15:13 UTC] PHP Warning:  Cannot modify header information - headers already sent by (output started at /var/www/html/wp-content/plugins/car-wash-booking/car-wash-booking.php:40) in /var/www/html/wp-includes/rest-api/class-wp-rest-server.php on line 1818
[26-Nov-2024 16:15:13 UTC] PHP Warning:  Cannot modify header information - headers already sent by (output started at /var/www/html/wp-content/plugins/car-wash-booking/car-wash-booking.php:40) in /var/www/html/wp-includes/rest-api/class-wp-rest-server.php on line 1794
[26-Nov-2024 16:15:13 UTC] PHP Warning:  Cannot modify header information - headers already sent by (output started at /var/www/html/wp-content/plugins/car-wash-booking/car-wash-booking.php:40) in /var/www/html/wp-includes/rest-api/class-wp-rest-server.php on line 1818
[26-Nov-2024 16:15:13 UTC] PHP Warning:  Cannot modify header information - headers already sent by (output started at /var/www/html/wp-content/plugins/car-wash-booking/car-wash-booking.php:40) in /var/www/html/wp-includes/rest-api/class-wp-rest-server.php on line 1794
[26-Nov-2024 16:15:13 UTC] PHP Warning:  Cannot modify header information - headers already sent by (output started at /var/www/html/wp-content/plugins/car-wash-booking/car-wash-booking.php:40) in /var/www/html/wp-includes/rest-api/class-wp-rest-server.php on line 1818
[26-Nov-2024 16:15:18 UTC] PHP Warning:  Cannot modify header information - headers already sent by (output started at /var/www/html/wp-content/plugins/car-wash-booking/car-wash-booking.php:40) in /var/www/html/wp-includes/rest-api/class-wp-rest-server.php on line 1794
[26-Nov-2024 16:15:18 UTC] PHP Warning:  Cannot modify header information - headers already sent by (output started at /var/www/html/wp-content/plugins/car-wash-booking/car-wash-booking.php:40) in /var/www/html/wp-includes/rest-api/class-wp-rest-server.php on line 1818
[26-Nov-2024 16:15:18 UTC] PHP Warning:  Cannot modify header information - headers already sent by (output started at /var/www/html/wp-content/plugins/car-wash-booking/car-wash-booking.php:40) in /var/www/html/wp-includes/rest-api.php on line 749
[26-Nov-2024 16:15:18 UTC] PHP Warning:  Cannot modify header information - headers already sent by (output started at /var/www/html/wp-content/plugins/car-wash-booking/car-wash-booking.php:40) in /var/www/html/wp-includes/rest-api.php on line 750
[26-Nov-2024 16:15:18 UTC] PHP Warning:  Cannot modify header information - headers already sent by (output started at /var/www/html/wp-content/plugins/car-wash-booking/car-wash-booking.php:40) in /var/www/html/wp-includes/rest-api.php on line 751
[26-Nov-2024 16:15:18 UTC] PHP Warning:  Cannot modify header information - headers already sent by (output started at /var/www/html/wp-content/plugins/car-wash-booking/car-wash-booking.php:40) in /var/www/html/wp-includes/rest-api.php on line 752
[26-Nov-2024 16:15:21 UTC] PHP Warning:  Cannot modify header information - headers already sent by (output started at /var/www/html/wp-content/plugins/car-wash-booking/car-wash-booking.php:40) in /var/www/html/wp-admin/admin-ajax.php on line 27
[26-Nov-2024 16:15:21 UTC] PHP Warning:  Cannot modify header information - headers already sent by (output started at /var/www/html/wp-content/plugins/car-wash-booking/car-wash-booking.php:40) in /var/www/html/wp-admin/admin-ajax.php on line 28
[26-Nov-2024 16:15:21 UTC] PHP Warning:  Cannot modify header information - headers already sent by (output started at /var/www/html/wp-content/plugins/car-wash-booking/car-wash-booking.php:40) in /var/www/html/wp-includes/functions.php on line 6936
[26-Nov-2024 16:15:21 UTC] PHP Warning:  Cannot modify header information - headers already sent by (output started at /var/www/html/wp-content/plugins/car-wash-booking/car-wash-booking.php:40) in /var/www/html/wp-admin/includes/misc.php on line 1431
[26-Nov-2024 16:15:21 UTC] PHP Warning:  Cannot modify header information - headers already sent by (output started at /var/www/html/wp-content/plugins/car-wash-booking/car-wash-booking.php:40) in /var/www/html/wp-includes/functions.php on line 7049
[26-Nov-2024 16:15:37 UTC] WordPress database error Table 'wordpress.wp_car_wash_bookings' doesn't exist for query SHOW FULL COLUMNS FROM `wp_car_wash_bookings` made by require('wp-blog-header.php'), require_once('wp-load.php'), require_once('wp-config.php'), require_once('wp-settings.php'), do_action('init'), WP_Hook->do_action, WP_Hook->apply_filters, cwbs_handle_form_submission
[26-Nov-2024 16:17:21 UTC] PHP Warning:  Cannot modify header information - headers already sent by (output started at /var/www/html/wp-content/plugins/car-wash-booking/car-wash-booking.php:40) in /var/www/html/wp-admin/includes/misc.php on line 1431
[26-Nov-2024 16:17:21 UTC] PHP Warning:  Cannot modify header information - headers already sent by (output started at /var/www/html/wp-content/plugins/car-wash-booking/car-wash-booking.php:40) in /var/www/html/wp-includes/functions.php on line 7049
[26-Nov-2024 16:17:21 UTC] PHP Warning:  Cannot modify header information - headers already sent by (output started at /var/www/html/wp-content/plugins/car-wash-booking/car-wash-booking.php:40) in /var/www/html/wp-admin/admin-header.php on line 9
[26-Nov-2024 16:17:21 UTC] PHP Warning:  Cannot modify header information - headers already sent by (output started at /var/www/html/wp-content/plugins/car-wash-booking/car-wash-booking.php:40) in /var/www/html/wp-includes/option.php on line 1478
[26-Nov-2024 16:17:21 UTC] PHP Warning:  Cannot modify header information - headers already sent by (output started at /var/www/html/wp-content/plugins/car-wash-booking/car-wash-booking.php:40) in /var/www/html/wp-includes/option.php on line 1479
[26-Nov-2024 16:17:21 UTC] PHP Warning:  Cannot modify header information - headers already sent by (output started at /var/www/html/wp-content/plugins/car-wash-booking/car-wash-booking.php:40) in /var/www/html/wp-admin/admin-ajax.php on line 27
[26-Nov-2024 16:17:21 UTC] PHP Warning:  Cannot modify header information - headers already sent by (output started at /var/www/html/wp-content/plugins/car-wash-booking/car-wash-booking.php:40) in /var/www/html/wp-admin/admin-ajax.php on line 28
[26-Nov-2024 16:17:21 UTC] PHP Warning:  Cannot modify header information - headers already sent by (output started at /var/www/html/wp-content/plugins/car-wash-booking/car-wash-booking.php:40) in /var/www/html/wp-includes/functions.php on line 6936
[26-Nov-2024 16:17:21 UTC] PHP Warning:  Cannot modify header information - headers already sent by (output started at /var/www/html/wp-content/plugins/car-wash-booking/car-wash-booking.php:40) in /var/www/html/wp-admin/includes/misc.php on line 1431
[26-Nov-2024 16:17:21 UTC] PHP Warning:  Cannot modify header information - headers already sent by (output started at /var/www/html/wp-content/plugins/car-wash-booking/car-wash-booking.php:40) in /var/www/html/wp-includes/functions.php on line 7049
[26-Nov-2024 16:18:59 UTC] PHP Warning:  Cannot modify header information - headers already sent by (output started at /var/www/html/wp-content/plugins/car-wash-booking/car-wash-booking.php:40) in /var/www/html/wp-admin/includes/misc.php on line 1431
[26-Nov-2024 16:18:59 UTC] PHP Warning:  Cannot modify header information - headers already sent by (output started at /var/www/html/wp-content/plugins/car-wash-booking/car-wash-booking.php:40) in /var/www/html/wp-includes/functions.php on line 7049
[26-Nov-2024 16:18:59 UTC] PHP Warning:  Cannot modify header information - headers already sent by (output started at /var/www/html/wp-content/plugins/car-wash-booking/car-wash-booking.php:40) in /var/www/html/wp-admin/admin-header.php on line 9
[26-Nov-2024 16:18:59 UTC] PHP Warning:  Cannot modify header information - headers already sent by (output started at /var/www/html/wp-content/plugins/car-wash-booking/car-wash-booking.php:40) in /var/www/html/wp-includes/option.php on line 1478
[26-Nov-2024 16:18:59 UTC] PHP Warning:  Cannot modify header information - headers already sent by (output started at /var/www/html/wp-content/plugins/car-wash-booking/car-wash-booking.php:40) in /var/www/html/wp-includes/option.php on line 1479
[26-Nov-2024 16:19:04 UTC] PHP Warning:  Cannot modify header information - headers already sent by (output started at /var/www/html/wp-content/plugins/car-wash-booking/car-wash-booking.php:40) in /var/www/html/wp-admin/includes/misc.php on line 1431
[26-Nov-2024 16:19:04 UTC] PHP Warning:  Cannot modify header information - headers already sent by (output started at /var/www/html/wp-content/plugins/car-wash-booking/car-wash-booking.php:40) in /var/www/html/wp-includes/functions.php on line 7049
[26-Nov-2024 16:19:04 UTC] PHP Warning:  Cannot modify header information - headers already sent by (output started at /var/www/html/wp-content/plugins/car-wash-booking/car-wash-booking.php:40) in /var/www/html/wp-admin/admin-header.php on line 9
[26-Nov-2024 16:19:04 UTC] PHP Warning:  Cannot modify header information - headers already sent by (output started at /var/www/html/wp-content/plugins/car-wash-booking/car-wash-booking.php:40) in /var/www/html/wp-includes/option.php on line 1478
[26-Nov-2024 16:19:04 UTC] PHP Warning:  Cannot modify header information - headers already sent by (output started at /var/www/html/wp-content/plugins/car-wash-booking/car-wash-booking.php:40) in /var/www/html/wp-includes/option.php on line 1479
[Tue Nov 26 16:19:08.318696 2024] [mpm_prefork:notice] [pid 1] AH00170: caught SIGWINCH, shutting down gracefully
AH00558: apache2: Could not reliably determine the server's fully qualified domain name, using 172.25.0.4. Set the 'ServerName' directive globally to suppress this message
[Tue Nov 26 16:19:16.772255 2024] [mpm_prefork:notice] [pid 1] AH00163: Apache/2.4.57 (Debian) PHP/8.2.16 configured -- resuming normal operations
[Tue Nov 26 16:19:16.774157 2024] [core:notice] [pid 1] AH00094: Command line: 'apache2 -D FOREGROUND'
[26-Nov-2024 16:19:20 UTC] PHP Warning:  Cannot modify header information - headers already sent by (output started at /var/www/html/wp-content/plugins/car-wash-booking/car-wash-booking.php:40) in /var/www/html/wp-admin/includes/misc.php on line 1431
[26-Nov-2024 16:19:20 UTC] PHP Warning:  Cannot modify header information - headers already sent by (output started at /var/www/html/wp-content/plugins/car-wash-booking/car-wash-booking.php:40) in /var/www/html/wp-includes/functions.php on line 7049
[26-Nov-2024 16:19:20 UTC] PHP Warning:  Cannot modify header information - headers already sent by (output started at /var/www/html/wp-content/plugins/car-wash-booking/car-wash-booking.php:40) in /var/www/html/wp-admin/admin-header.php on line 9
[26-Nov-2024 16:19:20 UTC] PHP Warning:  Cannot modify header information - headers already sent by (output started at /var/www/html/wp-content/plugins/car-wash-booking/car-wash-booking.php:40) in /var/www/html/wp-includes/option.php on line 1478
[26-Nov-2024 16:19:20 UTC] PHP Warning:  Cannot modify header information - headers already sent by (output started at /var/www/html/wp-content/plugins/car-wash-booking/car-wash-booking.php:40) in /var/www/html/wp-includes/option.php on line 1479
[26-Nov-2024 16:19:26 UTC] PHP Warning:  Cannot modify header information - headers already sent by (output started at /var/www/html/wp-content/plugins/car-wash-booking/car-wash-booking.php:40) in /var/www/html/wp-admin/includes/misc.php on line 1431
[26-Nov-2024 16:19:26 UTC] PHP Warning:  Cannot modify header information - headers already sent by (output started at /var/www/html/wp-content/plugins/car-wash-booking/car-wash-booking.php:40) in /var/www/html/wp-includes/functions.php on line 7049
[26-Nov-2024 16:19:26 UTC] PHP Warning:  Cannot modify header information - headers already sent by (output started at /var/www/html/wp-content/plugins/car-wash-booking/car-wash-booking.php:40) in /var/www/html/wp-admin/admin-header.php on line 9
[26-Nov-2024 16:19:26 UTC] PHP Warning:  Cannot modify header information - headers already sent by (output started at /var/www/html/wp-content/plugins/car-wash-booking/car-wash-booking.php:40) in /var/www/html/wp-includes/option.php on line 1478
[26-Nov-2024 16:19:26 UTC] PHP Warning:  Cannot modify header information - headers already sent by (output started at /var/www/html/wp-content/plugins/car-wash-booking/car-wash-booking.php:40) in /var/www/html/wp-includes/option.php on line 1479
[26-Nov-2024 16:19:38 UTC] PHP Warning:  Cannot modify header information - headers already sent by (output started at /var/www/html/wp-content/plugins/car-wash-booking/car-wash-booking.php:40) in /var/www/html/wp-admin/includes/misc.php on line 1431
[26-Nov-2024 16:19:38 UTC] PHP Warning:  Cannot modify header information - headers already sent by (output started at /var/www/html/wp-content/plugins/car-wash-booking/car-wash-booking.php:40) in /var/www/html/wp-includes/functions.php on line 7049
[26-Nov-2024 16:19:45 UTC] PHP Warning:  Cannot modify header information - headers already sent by (output started at /var/www/html/wp-content/plugins/car-wash-booking/car-wash-booking.php:40) in /var/www/html/wp-admin/includes/misc.php on line 1431
[26-Nov-2024 16:19:45 UTC] PHP Warning:  Cannot modify header information - headers already sent by (output started at /var/www/html/wp-content/plugins/car-wash-booking/car-wash-booking.php:40) in /var/www/html/wp-includes/functions.php on line 7049
[26-Nov-2024 16:19:45 UTC] PHP Warning:  Cannot modify header information - headers already sent by (output started at /var/www/html/wp-content/plugins/car-wash-booking/car-wash-booking.php:40) in /var/www/html/wp-admin/admin-header.php on line 9
[26-Nov-2024 16:19:45 UTC] PHP Warning:  Cannot modify header information - headers already sent by (output started at /var/www/html/wp-content/plugins/car-wash-booking/car-wash-booking.php:40) in /var/www/html/wp-includes/option.php on line 1478
[26-Nov-2024 16:19:45 UTC] PHP Warning:  Cannot modify header information - headers already sent by (output started at /var/www/html/wp-content/plugins/car-wash-booking/car-wash-booking.php:40) in /var/www/html/wp-includes/option.php on line 1479
[26-Nov-2024 16:20:00 UTC] PHP Warning:  Cannot modify header information - headers already sent by (output started at /var/www/html/wp-content/plugins/car-wash-booking/car-wash-booking.php:40) in /var/www/html/wp-admin/includes/misc.php on line 1431
[26-Nov-2024 16:20:00 UTC] PHP Warning:  Cannot modify header information - headers already sent by (output started at /var/www/html/wp-content/plugins/car-wash-booking/car-wash-booking.php:40) in /var/www/html/wp-includes/functions.php on line 7049
[26-Nov-2024 16:20:01 UTC] PHP Warning:  Cannot modify header information - headers already sent by (output started at /var/www/html/wp-content/plugins/car-wash-booking/car-wash-booking.php:40) in /var/www/html/wp-admin/admin-header.php on line 9
[26-Nov-2024 16:20:01 UTC] PHP Warning:  Cannot modify header information - headers already sent by (output started at /var/www/html/wp-content/plugins/car-wash-booking/car-wash-booking.php:40) in /var/www/html/wp-includes/option.php on line 1478
[26-Nov-2024 16:20:01 UTC] PHP Warning:  Cannot modify header information - headers already sent by (output started at /var/www/html/wp-content/plugins/car-wash-booking/car-wash-booking.php:40) in /var/www/html/wp-includes/option.php on line 1479
[26-Nov-2024 16:20:04 UTC] PHP Warning:  Cannot modify header information - headers already sent by (output started at /var/www/html/wp-content/plugins/car-wash-booking/car-wash-booking.php:40) in /var/www/html/wp-admin/includes/misc.php on line 1431
[26-Nov-2024 16:20:04 UTC] PHP Warning:  Cannot modify header information - headers already sent by (output started at /var/www/html/wp-content/plugins/car-wash-booking/car-wash-booking.php:40) in /var/www/html/wp-includes/functions.php on line 7049
[26-Nov-2024 16:20:04 UTC] PHP Warning:  Cannot modify header information - headers already sent by (output started at /var/www/html/wp-content/plugins/car-wash-booking/car-wash-booking.php:40) in /var/www/html/wp-admin/admin-header.php on line 9
[26-Nov-2024 16:20:04 UTC] PHP Warning:  Cannot modify header information - headers already sent by (output started at /var/www/html/wp-content/plugins/car-wash-booking/car-wash-booking.php:40) in /var/www/html/wp-includes/option.php on line 1478
[26-Nov-2024 16:20:04 UTC] PHP Warning:  Cannot modify header information - headers already sent by (output started at /var/www/html/wp-content/plugins/car-wash-booking/car-wash-booking.php:40) in /var/www/html/wp-includes/option.php on line 1479
[26-Nov-2024 16:20:36 UTC] PHP Warning:  Cannot modify header information - headers already sent by (output started at /var/www/html/wp-content/plugins/car-wash-booking/car-wash-booking.php:40) in /var/www/html/wp-includes/pluggable.php on line 1435
[26-Nov-2024 16:20:36 UTC] PHP Warning:  Cannot modify header information - headers already sent by (output started at /var/www/html/wp-content/plugins/car-wash-booking/car-wash-booking.php:40) in /var/www/html/wp-includes/pluggable.php on line 1438
[Tue Nov 26 16:20:38.295038 2024] [mpm_prefork:notice] [pid 1] AH00170: caught SIGWINCH, shutting down gracefully
AH00558: apache2: Could not reliably determine the server's fully qualified domain name, using 172.26.0.4. Set the 'ServerName' directive globally to suppress this message
[Tue Nov 26 16:21:23.657351 2024] [mpm_prefork:notice] [pid 1] AH00163: Apache/2.4.57 (Debian) PHP/8.2.16 configured -- resuming normal operations
[Tue Nov 26 16:21:23.659063 2024] [core:notice] [pid 1] AH00094: Command line: 'apache2 -D FOREGROUND'
[26-Nov-2024 16:22:13 UTC] PHP Warning:  Cannot modify header information - headers already sent by (output started at /var/www/html/wp-content/plugins/car-wash-booking/car-wash-booking.php:40) in /var/www/html/wp-includes/pluggable.php on line 1435
[26-Nov-2024 16:22:13 UTC] PHP Warning:  Cannot modify header information - headers already sent by (output started at /var/www/html/wp-content/plugins/car-wash-booking/car-wash-booking.php:40) in /var/www/html/wp-includes/pluggable.php on line 1438
[26-Nov-2024 16:23:19 UTC] PHP Warning:  Cannot modify header information - headers already sent by (output started at /var/www/html/wp-content/plugins/car-wash-booking/car-wash-booking.php:40) in /var/www/html/wp-includes/pluggable.php on line 1435
[26-Nov-2024 16:23:19 UTC] PHP Warning:  Cannot modify header information - headers already sent by (output started at /var/www/html/wp-content/plugins/car-wash-booking/car-wash-booking.php:40) in /var/www/html/wp-includes/pluggable.php on line 1438
[Tue Nov 26 16:23:29.607719 2024] [mpm_prefork:notice] [pid 1] AH00170: caught SIGWINCH, shutting down gracefully
AH00558: apache2: Could not reliably determine the server's fully qualified domain name, using 172.26.0.4. Set the 'ServerName' directive globally to suppress this message
[Tue Nov 26 16:23:31.075571 2024] [mpm_prefork:notice] [pid 1] AH00163: Apache/2.4.57 (Debian) PHP/8.2.16 configured -- resuming normal operations
[Tue Nov 26 16:23:31.076502 2024] [core:notice] [pid 1] AH00094: Command line: 'apache2 -D FOREGROUND'
[26-Nov-2024 16:23:46 UTC] PHP Warning:  Cannot modify header information - headers already sent by (output started at /var/www/html/wp-content/plugins/car-wash-booking/car-wash-booking.php:40) in /var/www/html/wp-includes/pluggable.php on line 1435
[26-Nov-2024 16:23:46 UTC] PHP Warning:  Cannot modify header information - headers already sent by (output started at /var/www/html/wp-content/plugins/car-wash-booking/car-wash-booking.php:40) in /var/www/html/wp-includes/pluggable.php on line 1438
[26-Nov-2024 16:24:57 UTC] PHP Warning:  Cannot modify header information - headers already sent by (output started at /var/www/html/wp-content/plugins/car-wash-booking/car-wash-booking.php:40) in /var/www/html/wp-includes/pluggable.php on line 1435
[26-Nov-2024 16:24:57 UTC] PHP Warning:  Cannot modify header information - headers already sent by (output started at /var/www/html/wp-content/plugins/car-wash-booking/car-wash-booking.php:40) in /var/www/html/wp-includes/pluggable.php on line 1438
[Tue Nov 26 16:25:58.479266 2024] [mpm_prefork:notice] [pid 1] AH00170: caught SIGWINCH, shutting down gracefully
AH00558: apache2: Could not reliably determine the server's fully qualified domain name, using 172.27.0.4. Set the 'ServerName' directive globally to suppress this message
[Tue Nov 26 16:28:36.706882 2024] [mpm_prefork:notice] [pid 1] AH00163: Apache/2.4.57 (Debian) PHP/8.2.16 configured -- resuming normal operations
[Tue Nov 26 16:28:36.707503 2024] [core:notice] [pid 1] AH00094: Command line: 'apache2 -D FOREGROUND'
[26-Nov-2024 16:30:10 UTC] PHP Warning:  Cannot modify header information - headers already sent by (output started at /var/www/html/wp-content/plugins/car-wash-booking/car-wash-booking.php:40) in /var/www/html/wp-admin/includes/misc.php on line 1431
[26-Nov-2024 16:30:10 UTC] PHP Warning:  Cannot modify header information - headers already sent by (output started at /var/www/html/wp-content/plugins/car-wash-booking/car-wash-booking.php:40) in /var/www/html/wp-includes/functions.php on line 7049
[26-Nov-2024 16:30:10 UTC] PHP Warning:  Cannot modify header information - headers already sent by (output started at /var/www/html/wp-content/plugins/car-wash-booking/car-wash-booking.php:40) in /var/www/html/wp-admin/admin-header.php on line 9
[26-Nov-2024 16:30:10 UTC] PHP Warning:  Cannot modify header information - headers already sent by (output started at /var/www/html/wp-content/plugins/car-wash-booking/car-wash-booking.php:40) in /var/www/html/wp-includes/option.php on line 1478
[26-Nov-2024 16:30:10 UTC] PHP Warning:  Cannot modify header information - headers already sent by (output started at /var/www/html/wp-content/plugins/car-wash-booking/car-wash-booking.php:40) in /var/www/html/wp-includes/option.php on line 1479
[26-Nov-2024 16:31:11 UTC] PHP Warning:  Cannot modify header information - headers already sent by (output started at /var/www/html/wp-content/plugins/car-wash-booking/car-wash-booking.php:40) in /var/www/html/wp-admin/admin-ajax.php on line 27
[26-Nov-2024 16:31:11 UTC] PHP Warning:  Cannot modify header information - headers already sent by (output started at /var/www/html/wp-content/plugins/car-wash-booking/car-wash-booking.php:40) in /var/www/html/wp-admin/admin-ajax.php on line 28
[26-Nov-2024 16:31:11 UTC] PHP Warning:  Cannot modify header information - headers already sent by (output started at /var/www/html/wp-content/plugins/car-wash-booking/car-wash-booking.php:40) in /var/www/html/wp-includes/functions.php on line 6936
[26-Nov-2024 16:31:11 UTC] PHP Warning:  Cannot modify header information - headers already sent by (output started at /var/www/html/wp-content/plugins/car-wash-booking/car-wash-booking.php:40) in /var/www/html/wp-admin/includes/misc.php on line 1431
[26-Nov-2024 16:31:11 UTC] PHP Warning:  Cannot modify header information - headers already sent by (output started at /var/www/html/wp-content/plugins/car-wash-booking/car-wash-booking.php:40) in /var/www/html/wp-includes/functions.php on line 7049
[26-Nov-2024 16:32:04 UTC] PHP Warning:  Cannot modify header information - headers already sent by (output started at /var/www/html/wp-content/plugins/car-wash-booking/car-wash-booking.php:40) in /var/www/html/wp-admin/includes/misc.php on line 1431
[26-Nov-2024 16:32:04 UTC] PHP Warning:  Cannot modify header information - headers already sent by (output started at /var/www/html/wp-content/plugins/car-wash-booking/car-wash-booking.php:40) in /var/www/html/wp-includes/functions.php on line 7049
[Tue Nov 26 16:33:36.272590 2024] [mpm_prefork:notice] [pid 1] AH00170: caught SIGWINCH, shutting down gracefully
AH00558: apache2: Could not reliably determine the server's fully qualified domain name, using 172.27.0.4. Set the 'ServerName' directive globally to suppress this message
[Tue Nov 26 16:33:37.717421 2024] [mpm_prefork:notice] [pid 1] AH00163: Apache/2.4.57 (Debian) PHP/8.2.16 configured -- resuming normal operations
[Tue Nov 26 16:33:37.718456 2024] [core:notice] [pid 1] AH00094: Command line: 'apache2 -D FOREGROUND'
[Tue Nov 26 17:28:13.728376 2024] [mpm_prefork:notice] [pid 1] AH00170: caught SIGWINCH, shutting down gracefully
AH00558: apache2: Could not reliably determine the server's fully qualified domain name, using 172.27.0.4. Set the 'ServerName' directive globally to suppress this message
[Tue Nov 26 17:28:17.179219 2024] [mpm_prefork:notice] [pid 1] AH00163: Apache/2.4.57 (Debian) PHP/8.2.16 configured -- resuming normal operations
[Tue Nov 26 17:28:17.180950 2024] [core:notice] [pid 1] AH00094: Command line: 'apache2 -D FOREGROUND'
[26-Nov-2024 17:29:11 UTC] WordPress database error You have an error in your SQL syntax; check the manual that corresponds to your MySQL server version for the right syntax to use near 'FOREIGN KEY (package_id) REFERENCES wp_cwb_packages(id) ON DELETE CASCADE' at line 1 for query ALTER TABLE wp_cwb_add_ons ADD COLUMN FOREIGN KEY (package_id) REFERENCES wp_cwb_packages(id) ON DELETE CASCADE made by activate_plugin, do_action('activate_car-wash-booking/car-wash-booking.php'), WP_Hook->do_action, WP_Hook->apply_filters, cwbs_create_tables, dbDelta
[26-Nov-2024 17:29:11 UTC] WordPress database error You have an error in your SQL syntax; check the manual that corresponds to your MySQL server version for the right syntax to use near 'FOREIGN KEY (location_id) REFERENCES wp_cwb_locations(id) ON DELETE CASCADE' at line 1 for query ALTER TABLE wp_cwb_service_locations ADD COLUMN FOREIGN KEY (location_id) REFERENCES wp_cwb_locations(id) ON DELETE CASCADE made by activate_plugin, do_action('activate_car-wash-booking/car-wash-booking.php'), WP_Hook->do_action, WP_Hook->apply_filters, cwbs_create_tables, dbDelta
[26-Nov-2024 17:29:11 UTC] WordPress database error You have an error in your SQL syntax; check the manual that corresponds to your MySQL server version for the right syntax to use near 'FOREIGN KEY (vehicle_type_id) REFERENCES wp_cwb_vehicle_types(id) ON DELETE CASC' at line 1 for query ALTER TABLE wp_cwb_service_vehicle_types ADD COLUMN FOREIGN KEY (vehicle_type_id) REFERENCES wp_cwb_vehicle_types(id) ON DELETE CASCADE made by activate_plugin, do_action('activate_car-wash-booking/car-wash-booking.php'), WP_Hook->do_action, WP_Hook->apply_filters, cwbs_create_tables, dbDelta
[26-Nov-2024 17:29:11 UTC] WordPress database error You have an error in your SQL syntax; check the manual that corresponds to your MySQL server version for the right syntax to use near 'FOREIGN KEY (location_id) REFERENCES wp_cwb_locations(id) ON DELETE CASCADE' at line 1 for query ALTER TABLE wp_cwb_package_locations ADD COLUMN FOREIGN KEY (location_id) REFERENCES wp_cwb_locations(id) ON DELETE CASCADE made by activate_plugin, do_action('activate_car-wash-booking/car-wash-booking.php'), WP_Hook->do_action, WP_Hook->apply_filters, cwbs_create_tables, dbDelta
[26-Nov-2024 17:29:11 UTC] WordPress database error You have an error in your SQL syntax; check the manual that corresponds to your MySQL server version for the right syntax to use near 'FOREIGN KEY (vehicle_type_id) REFERENCES wp_cwb_vehicle_types(id) ON DELETE CASC' at line 1 for query ALTER TABLE wp_cwb_package_vehicle_types ADD COLUMN FOREIGN KEY (vehicle_type_id) REFERENCES wp_cwb_vehicle_types(id) ON DELETE CASCADE made by activate_plugin, do_action('activate_car-wash-booking/car-wash-booking.php'), WP_Hook->do_action, WP_Hook->apply_filters, cwbs_create_tables, dbDelta
[26-Nov-2024 17:29:11 UTC] WordPress database error You have an error in your SQL syntax; check the manual that corresponds to your MySQL server version for the right syntax to use near 'FOREIGN KEY (vehicle_type_id) REFERENCES wp_cwb_vehicle_types(id) ON DELETE CASC' at line 1 for query ALTER TABLE wp_cwb_location_vehicle_types ADD COLUMN FOREIGN KEY (vehicle_type_id) REFERENCES wp_cwb_vehicle_types(id) ON DELETE CASCADE made by activate_plugin, do_action('activate_car-wash-booking/car-wash-booking.php'), WP_Hook->do_action, WP_Hook->apply_filters, cwbs_create_tables, dbDelta
[26-Nov-2024 17:29:11 UTC] WordPress database error You have an error in your SQL syntax; check the manual that corresponds to your MySQL server version for the right syntax to use near 'FOREIGN KEY (service_id) REFERENCES wp_cwb_services(id) ON DELETE CASCADE' at line 1 for query ALTER TABLE wp_cwb_package_services ADD COLUMN FOREIGN KEY (service_id) REFERENCES wp_cwb_services(id) ON DELETE CASCADE made by activate_plugin, do_action('activate_car-wash-booking/car-wash-booking.php'), WP_Hook->do_action, WP_Hook->apply_filters, cwbs_create_tables, dbDelta
[26-Nov-2024 17:29:11 UTC] WordPress database error You have an error in your SQL syntax; check the manual that corresponds to your MySQL server version for the right syntax to use near 'FOREIGN KEY (package_id) REFERENCES wp_cwb_packages(id) ON DELETE CASCADE' at line 1 for query ALTER TABLE wp_cwb_bookings ADD COLUMN FOREIGN KEY (package_id) REFERENCES wp_cwb_packages(id) ON DELETE CASCADE made by activate_plugin, do_action('activate_car-wash-booking/car-wash-booking.php'), WP_Hook->do_action, WP_Hook->apply_filters, cwbs_create_tables, dbDelta
[Tue Nov 26 17:33:55.197190 2024] [mpm_prefork:notice] [pid 1] AH00170: caught SIGWINCH, shutting down gracefully
AH00558: apache2: Could not reliably determine the server's fully qualified domain name, using 172.27.0.4. Set the 'ServerName' directive globally to suppress this message
[Tue Nov 26 17:33:58.659226 2024] [mpm_prefork:notice] [pid 1] AH00163: Apache/2.4.57 (Debian) PHP/8.2.16 configured -- resuming normal operations
[Tue Nov 26 17:33:58.660409 2024] [core:notice] [pid 1] AH00094: Command line: 'apache2 -D FOREGROUND'
[26-Nov-2024 17:34:17 UTC] WordPress database error You have an error in your SQL syntax; check the manual that corresponds to your MySQL server version for the right syntax to use near 'FOREIGN KEY (package_id) REFERENCES wp_cwb_packages(id) ON DELETE CASCADE' at line 1 for query ALTER TABLE wp_cwb_add_ons ADD COLUMN FOREIGN KEY (package_id) REFERENCES wp_cwb_packages(id) ON DELETE CASCADE made by activate_plugin, do_action('activate_car-wash-booking/car-wash-booking.php'), WP_Hook->do_action, WP_Hook->apply_filters, cwbs_create_tables, dbDelta
[26-Nov-2024 17:34:17 UTC] WordPress database error You have an error in your SQL syntax; check the manual that corresponds to your MySQL server version for the right syntax to use near 'FOREIGN KEY (location_id) REFERENCES wp_cwb_locations(id) ON DELETE CASCADE' at line 1 for query ALTER TABLE wp_cwb_service_locations ADD COLUMN FOREIGN KEY (location_id) REFERENCES wp_cwb_locations(id) ON DELETE CASCADE made by activate_plugin, do_action('activate_car-wash-booking/car-wash-booking.php'), WP_Hook->do_action, WP_Hook->apply_filters, cwbs_create_tables, dbDelta
[26-Nov-2024 17:34:17 UTC] WordPress database error You have an error in your SQL syntax; check the manual that corresponds to your MySQL server version for the right syntax to use near 'FOREIGN KEY (vehicle_type_id) REFERENCES wp_cwb_vehicle_types(id) ON DELETE CASC' at line 1 for query ALTER TABLE wp_cwb_service_vehicle_types ADD COLUMN FOREIGN KEY (vehicle_type_id) REFERENCES wp_cwb_vehicle_types(id) ON DELETE CASCADE made by activate_plugin, do_action('activate_car-wash-booking/car-wash-booking.php'), WP_Hook->do_action, WP_Hook->apply_filters, cwbs_create_tables, dbDelta
[26-Nov-2024 17:34:17 UTC] WordPress database error You have an error in your SQL syntax; check the manual that corresponds to your MySQL server version for the right syntax to use near 'FOREIGN KEY (location_id) REFERENCES wp_cwb_locations(id) ON DELETE CASCADE' at line 1 for query ALTER TABLE wp_cwb_package_locations ADD COLUMN FOREIGN KEY (location_id) REFERENCES wp_cwb_locations(id) ON DELETE CASCADE made by activate_plugin, do_action('activate_car-wash-booking/car-wash-booking.php'), WP_Hook->do_action, WP_Hook->apply_filters, cwbs_create_tables, dbDelta
[26-Nov-2024 17:34:17 UTC] WordPress database error You have an error in your SQL syntax; check the manual that corresponds to your MySQL server version for the right syntax to use near 'FOREIGN KEY (vehicle_type_id) REFERENCES wp_cwb_vehicle_types(id) ON DELETE CASC' at line 1 for query ALTER TABLE wp_cwb_package_vehicle_types ADD COLUMN FOREIGN KEY (vehicle_type_id) REFERENCES wp_cwb_vehicle_types(id) ON DELETE CASCADE made by activate_plugin, do_action('activate_car-wash-booking/car-wash-booking.php'), WP_Hook->do_action, WP_Hook->apply_filters, cwbs_create_tables, dbDelta
[26-Nov-2024 17:34:17 UTC] WordPress database error You have an error in your SQL syntax; check the manual that corresponds to your MySQL server version for the right syntax to use near 'FOREIGN KEY (vehicle_type_id) REFERENCES wp_cwb_vehicle_types(id) ON DELETE CASC' at line 1 for query ALTER TABLE wp_cwb_location_vehicle_types ADD COLUMN FOREIGN KEY (vehicle_type_id) REFERENCES wp_cwb_vehicle_types(id) ON DELETE CASCADE made by activate_plugin, do_action('activate_car-wash-booking/car-wash-booking.php'), WP_Hook->do_action, WP_Hook->apply_filters, cwbs_create_tables, dbDelta
[26-Nov-2024 17:34:17 UTC] WordPress database error You have an error in your SQL syntax; check the manual that corresponds to your MySQL server version for the right syntax to use near 'FOREIGN KEY (service_id) REFERENCES wp_cwb_services(id) ON DELETE CASCADE' at line 1 for query ALTER TABLE wp_cwb_package_services ADD COLUMN FOREIGN KEY (service_id) REFERENCES wp_cwb_services(id) ON DELETE CASCADE made by activate_plugin, do_action('activate_car-wash-booking/car-wash-booking.php'), WP_Hook->do_action, WP_Hook->apply_filters, cwbs_create_tables, dbDelta
[26-Nov-2024 17:34:17 UTC] WordPress database error You have an error in your SQL syntax; check the manual that corresponds to your MySQL server version for the right syntax to use near 'FOREIGN KEY (package_id) REFERENCES wp_cwb_packages(id) ON DELETE CASCADE' at line 1 for query ALTER TABLE wp_cwb_bookings ADD COLUMN FOREIGN KEY (package_id) REFERENCES wp_cwb_packages(id) ON DELETE CASCADE made by activate_plugin, do_action('activate_car-wash-booking/car-wash-booking.php'), WP_Hook->do_action, WP_Hook->apply_filters, cwbs_create_tables, dbDelta
AH00558: apache2: Could not reliably determine the server's fully qualified domain name, using 172.27.0.4. Set the 'ServerName' directive globally to suppress this message
[Thu Nov 28 16:02:27.177778 2024] [mpm_prefork:notice] [pid 1] AH00163: Apache/2.4.57 (Debian) PHP/8.2.16 configured -- resuming normal operations
[Thu Nov 28 16:02:27.178705 2024] [core:notice] [pid 1] AH00094: Command line: 'apache2 -D FOREGROUND'
AH00558: apache2: Could not reliably determine the server's fully qualified domain name, using 172.27.0.2. Set the 'ServerName' directive globally to suppress this message
[Thu Nov 28 18:03:22.867778 2024] [mpm_prefork:notice] [pid 1] AH00163: Apache/2.4.57 (Debian) PHP/8.2.16 configured -- resuming normal operations
[Thu Nov 28 18:03:22.871968 2024] [core:notice] [pid 1] AH00094: Command line: 'apache2 -D FOREGROUND'
AH00558: apache2: Could not reliably determine the server's fully qualified domain name, using 172.27.0.4. Set the 'ServerName' directive globally to suppress this message
[Sun Dec 08 20:48:25.162928 2024] [mpm_prefork:notice] [pid 1] AH00163: Apache/2.4.57 (Debian) PHP/8.2.16 configured -- resuming normal operations
[Sun Dec 08 20:48:25.168128 2024] [core:notice] [pid 1] AH00094: Command line: 'apache2 -D FOREGROUND'
AH00558: apache2: Could not reliably determine the server's fully qualified domain name, using 172.27.0.3. Set the 'ServerName' directive globally to suppress this message
[Sun Dec 15 16:31:10.594735 2024] [mpm_prefork:notice] [pid 1] AH00163: Apache/2.4.57 (Debian) PHP/8.2.16 configured -- resuming normal operations
[Sun Dec 15 16:31:10.602623 2024] [core:notice] [pid 1] AH00094: Command line: 'apache2 -D FOREGROUND'
AH00558: apache2: Could not reliably determine the server's fully qualified domain name, using 172.27.0.4. Set the 'ServerName' directive globally to suppress this message
[Mon Dec 16 16:25:09.317174 2024] [mpm_prefork:notice] [pid 1] AH00163: Apache/2.4.57 (Debian) PHP/8.2.16 configured -- resuming normal operations
[Mon Dec 16 16:25:09.325300 2024] [core:notice] [pid 1] AH00094: Command line: 'apache2 -D FOREGROUND'
AH00558: apache2: Could not reliably determine the server's fully qualified domain name, using 172.27.0.2. Set the 'ServerName' directive globally to suppress this message
[Sun Dec 22 16:56:33.564379 2024] [mpm_prefork:notice] [pid 1] AH00163: Apache/2.4.57 (Debian) PHP/8.2.16 configured -- resuming normal operations
[Sun Dec 22 16:56:33.567828 2024] [core:notice] [pid 1] AH00094: Command line: 'apache2 -D FOREGROUND'
AH00558: apache2: Could not reliably determine the server's fully qualified domain name, using 172.27.0.4. Set the 'ServerName' directive globally to suppress this message
[Tue Dec 24 16:18:52.590923 2024] [mpm_prefork:notice] [pid 1] AH00163: Apache/2.4.57 (Debian) PHP/8.2.16 configured -- resuming normal operations
[Tue Dec 24 16:18:52.594726 2024] [core:notice] [pid 1] AH00094: Command line: 'apache2 -D FOREGROUND'
AH00558: apache2: Could not reliably determine the server's fully qualified domain name, using 172.27.0.3. Set the 'ServerName' directive globally to suppress this message
[Fri Dec 27 18:44:33.998441 2024] [mpm_prefork:notice] [pid 1] AH00163: Apache/2.4.57 (Debian) PHP/8.2.16 configured -- resuming normal operations
[Fri Dec 27 18:44:34.009702 2024] [core:notice] [pid 1] AH00094: Command line: 'apache2 -D FOREGROUND'
AH00558: apache2: Could not reliably determine the server's fully qualified domain name, using 172.27.0.2. Set the 'ServerName' directive globally to suppress this message
[Tue Jan 07 19:28:50.679808 2025] [mpm_prefork:notice] [pid 1] AH00163: Apache/2.4.57 (Debian) PHP/8.2.16 configured -- resuming normal operations
[Tue Jan 07 19:28:50.680680 2025] [core:notice] [pid 1] AH00094: Command line: 'apache2 -D FOREGROUND'
AH00558: apache2: Could not reliably determine the server's fully qualified domain name, using 172.27.0.4. Set the 'ServerName' directive globally to suppress this message
[Wed Jan 08 19:56:07.469138 2025] [mpm_prefork:notice] [pid 1] AH00163: Apache/2.4.57 (Debian) PHP/8.2.16 configured -- resuming normal operations
[Wed Jan 08 19:56:07.478815 2025] [core:notice] [pid 1] AH00094: Command line: 'apache2 -D FOREGROUND'
AH00558: apache2: Could not reliably determine the server's fully qualified domain name, using 172.27.0.2. Set the 'ServerName' directive globally to suppress this message
[Tue Jan 14 13:26:59.490238 2025] [mpm_prefork:notice] [pid 1] AH00163: Apache/2.4.57 (Debian) PHP/8.2.16 configured -- resuming normal operations
[Tue Jan 14 13:26:59.491693 2025] [core:notice] [pid 1] AH00094: Command line: 'apache2 -D FOREGROUND'
AH00558: apache2: Could not reliably determine the server's fully qualified domain name, using 172.27.0.2. Set the 'ServerName' directive globally to suppress this message
[Tue Jan 14 13:41:33.913527 2025] [mpm_prefork:notice] [pid 1] AH00163: Apache/2.4.57 (Debian) PHP/8.2.16 configured -- resuming normal operations
[Tue Jan 14 13:41:33.919181 2025] [core:notice] [pid 1] AH00094: Command line: 'apache2 -D FOREGROUND'
AH00558: apache2: Could not reliably determine the server's fully qualified domain name, using 172.27.0.2. Set the 'ServerName' directive globally to suppress this message
[Wed Jan 15 19:39:56.985929 2025] [mpm_prefork:notice] [pid 1] AH00163: Apache/2.4.57 (Debian) PHP/8.2.16 configured -- resuming normal operations
[Wed Jan 15 19:39:56.991959 2025] [core:notice] [pid 1] AH00094: Command line: 'apache2 -D FOREGROUND'
AH00558: apache2: Could not reliably determine the server's fully qualified domain name, using 172.27.0.2. Set the 'ServerName' directive globally to suppress this message
[Mon Jan 20 13:39:52.386811 2025] [mpm_prefork:notice] [pid 1] AH00163: Apache/2.4.57 (Debian) PHP/8.2.16 configured -- resuming normal operations
[Mon Jan 20 13:39:52.387838 2025] [core:notice] [pid 1] AH00094: Command line: 'apache2 -D FOREGROUND'
AH00558: apache2: Could not reliably determine the server's fully qualified domain name, using 172.27.0.4. Set the 'ServerName' directive globally to suppress this message
[Wed Jan 22 15:39:38.848253 2025] [mpm_prefork:notice] [pid 1] AH00163: Apache/2.4.57 (Debian) PHP/8.2.16 configured -- resuming normal operations
[Wed Jan 22 15:39:38.851350 2025] [core:notice] [pid 1] AH00094: Command line: 'apache2 -D FOREGROUND'
